Not Found: /640209337
Not Found: /96765870
Not Found: /sitemap.xml
Not Found: /6626034
Not Found: /469396674
Not Found: /76784534
Not Found: /68677642
Not Found: /265846224
Not Found: /24024490
Not Found: /958731704
Not Found: /62252499
Not Found: /457484711
Not Found: /643175033
Not Found: /62187342
Not Found: /360285556
Not Found: /57978248
Not Found: /61885555
Not Found: /13999411
Not Found: /471476676
Not Found: /9681906
Not Found: /941596818
Not Found: /14461276
Not Found: /65727772
Not Found: /sitemap.xml
Not Found: /91804337
Not Found: /92890625
Not Found: /3747939
Not Found: /27668407
Not Found: /89693926
Not Found: /8658170
Not Found: /681760138
Not Found: /126989831
Not Found: /86648966
Not Found: /516683276
Not Found: /9892674
Not Found: /275564361
Not Found: /5152752
Not Found: /8932435
Not Found: /324970445
Not Found: /517720965
Not Found: /915883172
Not Found: /sitemap.xml
Not Found: /438562359
Not Found: /sitemap.xml
Not Found: /782977032
Not Found: /robots.txt
Not Found: /robots.txt
Not Found: /12908665
Not Found: /35862654
Not Found: /3994626
Not Found: /752052885
Not Found: /76819649
Not Found: /6818258
Not Found: /38065391
Not Found: /82949078
Not Found: /74279727
Not Found: /sitemap.xml
Not Found: /37185213
Not Found: /4053228
Not Found: /1747186
Not Found: /36266779
Not Found: /683008068
Not Found: /27860142
Not Found: /3780431
Not Found: /681697050
Not Found: /5184514
Not Found: /1720158
Not Found: /2148925
Not Found: /7497478
Not Found: /8502608
Not Found: /2349475
Not Found: /61892166
Not Found: /572735187
Not Found: /62583891
Not Found: /865719413
Not Found: /sitemap.xml
Not Found: /92524703
Not Found: /9431899
Not Found: /5871963
Not Found: /59927763
Not Found: /7485390
Not Found: /3400868
Not Found: /XCQavYy4SYZXRdezoMhjFMnYPws.php
Not Found: /7256431
Not Found: /64637651
Not Found: /2856530
Not Found: /249731200
Not Found: /456946861
Not Found: /2811333
Not Found: /268400911
Not Found: /4633962
Not Found: /186871743
Not Found: /473180949
Not Found: /546557433
Not Found: /6501150
Not Found: /9334592
Not Found: /51934857
Not Found: /234828380
Not Found: /62307559
Not Found: /278567462
Not Found: /26476665
Not Found: /XCQavYy4SYZXRdezoMhjFMnYPws.php
Not Found: /314982603
Not Found: /460119339
Not Found: /93201012
Not Found: /92413123
Not Found: /42023704
Not Found: /15860581
Not Found: /6503929
Not Found: /79643921
Not Found: /78300031
Not Found: /633161171
Not Found: /6780431
Not Found: /robots.txt
Not Found: /2344936
Not Found: /16846873
Not Found: /25884159
Not Found: /7490348
Not Found: /632699644
Not Found: /6205883
Not Found: /sitemap.xml
Not Found: /697763601
Not Found: /869712042
Not Found: /2532162
Not Found: /robots.txt
Not Found: /robots.txt
Not Found: /sitemap.xml
Not Found: /sitemap.xml
Not Found: /robots.txt
Not Found: /robots.txt
Not Found: /robots.txt
Not Found: /robots.txt
Not Found: /robots.txt
Not Found: /robots.txt
Not Found: /robots.txt
Not Found: /robots.txt
Not Found: /robots.txt
Not Found: /xmlrpc.php
Not Found: /wp-login.php
[UID:1788][745709] Child process with pid: 745722 was killed by signal: 15, core dumped: no
Not Found: /robots.txt
Not Found: /robots.txt
Not Found: /robots.txt
Not Found: /static/favicon.ico
Not Found: /favicon.ico
Not Found: /robots.txt
Not Found: /robots.txt
Not Found: /static/favicon.ico
Not Found: /robots.txt
Not Found: /robots.txt
Not Found: /robots.txt
Not Found: /robots.txt
Not Found: /static/favicon.ico
Not Found: /robots.txt
Not Found: /robots.txt
Not Found: /robots.txt
Not Found: /robots.txt
Not Found: /robots.txt
Not Found: /robots.txt
Not Found: /robots.txt
Not Found: /robots.txt
Not Found: /robots.txt
Not Found: /robots.txt
Not Found: /ws86.php
Not Found: /favicon.ico
Not Found: /robots.txt
Not Found: /robots.txt
Not Found: /static/favicon.ico
Not Found: /robots.txt
Not Found: /robots.txt
Not Found: /htzevfl4k9ey5hoaywdwiCdefault.php
Not Found: /robots.txt
Not Found: /robots.txt
Not Found: /robots.txt
Not Found: /robots.txt
Not Found: /eix3tum9nwpmlb8thh54Cdefault.php
Not Found: /robots.txt
Not Found: /robots.txt
Not Found: /robots.txt
Not Found: /robots.txt
Not Found: /robots.txt
Not Found: /robots.txt
Not Found: /robots.txt
Not Found: /robots.txt
Not Found: /robots.txt
Not Found: /robots.txt
Not Found: /static/favicon.ico
Not Found: /robots.txt
Not Found: /robots.txt
Not Found: /robots.txt
Not Found: /robots.txt
Not Found: /robots.txt
Not Found: /robots.txt
Not Found: /robots.txt
Not Found: /robots.txt
Not Found: /robots.txt
Not Found: /robots.txt
Not Found: /robots.txt
Not Found: /robots.txt
Not Found: /robots.txt
Not Found: /robots.txt
Not Found: /robots.txt
Not Found: /robots.txt
Not Found: /robots.txt
Not Found: /robots.txt
Not Found: /robots.txt
Not Found: /robots.txt
Not Found: /robots.txt
Not Found: /robots.txt
Not Found: /static/favicon.ico
Not Found: /robots.txt
Not Found: /robots.txt
Not Found: /robots.txt
Not Found: /robots.txt
Not Found: /robots.txt
Not Found: /robots.txt
Not Found: /robots.txt
Not Found: /robots.txt
Not Found: /robots.txt
Not Found: /robots.txt
Not Found: /robots.txt
Not Found: /static/favicon.ico
Forbidden (Referer checking failed - no Referer.): /
Not Found: /robots.txt
Not Found: /robots.txt
Not Found: /robots.txt
Not Found: /robots.txt
Not Found: /license.txt
Not Found: /robots.txt
Not Found: /robots.txt
Not Found: /robots.txt
Not Found: /robots.txt
Not Found: /robots.txt
Not Found: /robots.txt
Not Found: /robots.txt
Not Found: /static/favicon.ico
Not Found: /robots.txt
Not Found: /robots.txt
Not Found: /robots.txt
Not Found: /robots.txt
Not Found: /robots.txt
Not Found: /robots.txt
Not Found: /robots.txt
Not Found: /robots.txt
Not Found: /robots.txt
Not Found: /static/favicon.ico
Not Found: /robots.txt
Not Found: /robots.txt
Not Found: /robots.txt
Not Found: /robots.txt
Not Found: /robots.txt
Not Found: /robots.txt
Not Found: /robots.txt
Not Found: /static/favicon.ico
Not Found: /robots.txt
Not Found: /robots.txt
Not Found: /robots.txt
Not Found: /sitemap.xml
Not Found: /robots.txt
Not Found: /static/favicon.ico
Not Found: /static/favicon.ico
Not Found: /static/favicon.ico
Not Found: /robots.txt
Not Found: /robots.txt
Not Found: /robots.txt
Not Found: /robots.txt
Not Found: /robots.txt
Not Found: /robots.txt
Not Found: /robots.txt
Not Found: /robots.txt
Not Found: /robots.txt
Not Found: /robots.txt
Not Found: /robots.txt
Not Found: /robots.txt
Not Found: /ecp/Current/exporttool/microsoft.exchange.ediscovery.exporttool.application
Not Found: /z0f76a1d14fd21a8fb5fd0d03e0fdc3d3cedae52f
Not Found: /robots.txt
Not Found: /wp-admin/install.php
Not Found: /wp-admin/setup-config.php
Not Found: /wp-admin/install.php
Not Found: /wp-admin/setup-config.php
Not Found: /robots.txt
Not Found: /robots.txt
Not Found: /robots.txt
Not Found: /robots.txt
Not Found: /static/favicon.ico
Not Found: /robots.txt
Not Found: /robots.txt
Not Found: /robots.txt
Not Found: /robots.txt
Not Found: /static/favicon.ico
Not Found: /robots.txt
Not Found: /robots.txt
Not Found: /robots.txt
Not Found: /static/favicon.ico
Not Found: /robots.txt
Not Found: /robots.txt
Not Found: /robots.txt
Forbidden (Referer checking failed - no Referer.): /
Not Found: /.env.local
Not Found: /.env.production
Not Found: /.env.staging
Not Found: /.env.development
Not Found: /.env.test
Not Found: /.env.remote
Not Found: /.env.bak
Not Found: /.env.backup
Not Found: /.env.save
Not Found: /.env.old
Not Found: /.env.sample
Not Found: /.env.example
Not Found: /.env.dev
Not Found: /.env.prod
Not Found: /.env.stage
Not Found: /.env.ci
Not Found: /.env.docker
Not Found: /.env.live
Not Found: /.env.preprod
Not Found: /.env.uat
Not Found: /.env.dist
Not Found: /.env.swp
Not Found: /.env~
Not Found: /phpinfo.php
Not Found: /info.php
Not Found: /php.php
Not Found: /i.php
Not Found: /pi.php
Not Found: /pinfo.php
Not Found: /test.php
Not Found: /phpinfo
Not Found: /p.php
Not Found: /debug.php
Not Found: /test/phpinfo.php
Not Found: /dev/phpinfo.php
Not Found: /old/phpinfo.php
Not Found: /tmp/phpinfo.php
Not Found: /public/phpinfo.php
Not Found: /info
Not Found: /php-info.php
Not Found: /phpversion.php
Not Found: /_phpinfo.php
Not Found: /old_phpinfo.php
Not Found: /server-info.php
Not Found: /server-status.php
Not Found: /_profiler/phpinfo
Not Found: /_environment
Not Found: /webroot/index.php/_environment
Not Found: /mail/phpinfo.php
Not Found: /cpanel/phpinfo.php
Not Found: /hosting/phpinfo.php
Not Found: /smtp/phpinfo.php
Not Found: /robots.txt
Not Found: /robots.txt
Not Found: /static/favicon.ico
Not Found: /wp-login.php
Not Found: /robots.txt
Not Found: /robots.txt
Not Found: /robots.txt
Not Found: /robots.txt
Not Found: /robots.txt
Not Found: /robots.txt
Not Found: /sitemap.xml
Not Found: /robots.txt
Not Found: /robots.txt
Not Found: /robots.txt
Not Found: /robots.txt
Not Found: /static/favicon.ico
Not Found: /robots.txt
Not Found: /robots.txt
Not Found: /robots.txt
Not Found: /sitemap.xml
Not Found: /robots.txt
Not Found: /robots.txt
Not Found: /robots.txt
Not Found: /robots.txt
Not Found: /robots.txt
Not Found: /robots.txt
Not Found: /robots.txt
Not Found: /robots.txt
Not Found: /robots.txt
Not Found: /robots.txt
Not Found: /robots.txt
Not Found: /static/favicon.ico
Not Found: /static/favicon.ico
Not Found: /static/favicon.ico
Not Found: /favicon.ico
Not Found: /static/favicon.ico
Not Found: /robots.txt
Not Found: /robots.txt
Not Found: /robots.txt
Not Found: /sitemap.xml
Not Found: /robots.txt
Not Found: /robots.txt
Not Found: /robots.txt
Not Found: /robots.txt
Not Found: /robots.txt
Not Found: /robots.txt
Not Found: /static/favicon.ico
Not Found: /static/favicon.ico
Not Found: /robots.txt
Not Found: /robots.txt
Not Found: /robots.txt
Not Found: /robots.txt
Not Found: /robots.txt
Not Found: /robots.txt
Not Found: /robots.txt
Not Found: /robots.txt
Not Found: /robots.txt
Not Found: /static/favicon.ico
Not Found: /robots.txt
Not Found: /robots.txt
Not Found: /robots.txt
Not Found: /static/favicon.ico
Not Found: /robots.txt
Not Found: /robots.txt
Not Found: /static/favicon.ico
Not Found: /static/favicon.ico
Not Found: /content.php
Not Found: /robots.txt
Not Found: /robots.txt
Not Found: /robots.txt
Not Found: /robots.txt
Not Found: /robots.txt
Not Found: /robots.txt
Not Found: /robots.txt
Not Found: /static/favicon.ico
Not Found: /robots.txt
Not Found: /robots.txt
Not Found: /robots.txt
Not Found: /robots.txt
Not Found: /robots.txt
Not Found: /robots.txt
Not Found: /static/favicon.ico
Not Found: /favicon.ico
Not Found: /static/favicon.ico
Not Found: /robots.txt
Not Found: /robots.txt
Not Found: /robots.txt
Not Found: /robots.txt
Not Found: /robots.txt
Not Found: /robots.txt
Not Found: /robots.txt
Not Found: /robots.txt
Not Found: /static/favicon.ico
Not Found: /robots.txt
Not Found: /robots.txt
Not Found: /robots.txt
Not Found: /robots.txt
Not Found: /robots.txt
Not Found: /robots.txt
Not Found: /robots.txt
Not Found: /robots.txt
Not Found: /robots.txt
Not Found: /robots.txt
Not Found: /robots.txt
Not Found: /wp-login.php
Not Found: /wp-login.php
Not Found: /wp-login.php
Not Found: /static/favicon.ico
Not Found: /robots.txt
Not Found: /static/favicon.ico
Not Found: /robots.txt
Not Found: /robots.txt
Not Found: /static/favicon.ico
Not Found: /robots.txt
Not Found: /robots.txt
Not Found: /robots.txt
Not Found: /xmlrpc.php
Not Found: /xmlrpc.php
Not Found: /wp-login.php
Not Found: /wp-login.php
Not Found: /wp-login.php
Not Found: /robots.txt
Not Found: /robots.txt
Not Found: /robots.txt
Not Found: /robots.txt
Not Found: /robots.txt
Not Found: /robots.txt
Not Found: /robots.txt
Not Found: /robots.txt
Not Found: /robots.txt
Not Found: /robots.txt
Not Found: /robots.txt
Not Found: /robots.txt
Not Found: /robots.txt
Not Found: /wp-login.php
Not Found: /xmlrpc.php
Not Found: /wp-login.php
Not Found: /wp-login.php
Not Found: /robots.txt
Not Found: /robots.txt
Not Found: /robots.txt
Not Found: /static/favicon.ico
Not Found: /static/img/BWI-02.jpg
Not Found: /static/img/BWI-03.jpg
Not Found: /static/favicon.ico
Not Found: /static/favicon.ico
Not Found: /static/favicon.ico
Not Found: /static/favicon.ico
Not Found: /static/favicon.ico
Not Found: /static/favicon.ico
Not Found: /static/favicon.ico
Not Found: /static/favicon.ico
Not Found: /static/favicon.ico
Not Found: /static/favicon.ico
Not Found: /static/favicon.ico
Not Found: /static/favicon.ico
Not Found: /robots.txt
[UID:1788][3464397] Child process with pid: 3485751 was killed by signal: 15, core dumped: no
Not Found: /static/favicon.ico
Not Found: /static/favicon.ico
Not Found: /static/favicon.ico
